app/build/intermediates/manifest_merge_blame_file/debug/manifest-merger-blame-debug-report.txt
1<?xml version="1.0" encoding="utf-8"?>
2<manifest xmlns:android="http://schemas.android.com/apk/res/android"
3    package="com.hariofspades.chatbot"
4    android:versionCode="1"
5    android:versionName="1.0" >
6
7    <uses-sdk
8        android:minSdkVersion="16"
8-->src/main/AndroidManifest.xml
9        android:targetSdkVersion="23" />
9-->src/main/AndroidManifest.xml
10
11    <uses-permission android:name="android.permission.WRITE_EXTERNAL_STORAGE" />
11-->src/main/AndroidManifest.xml:6:5-81
11-->src/main/AndroidManifest.xml:6:22-78
12    <uses-permission android:name="android.permission.MOUNT_UNMOUNT_FILESYSTEMS" />
12-->src/main/AndroidManifest.xml:7:5-8:47
12-->src/main/AndroidManifest.xml:7:22-81
13
14    <application
14-->src/main/AndroidManifest.xml:11:5-24:19
15        android:allowBackup="true"
15-->src/main/AndroidManifest.xml:12:9-35
16        android:debuggable="true"
17        android:icon="@drawable/ico_mic"
17-->src/main/AndroidManifest.xml:13:9-41
18        android:label="@string/app_name"
18-->src/main/AndroidManifest.xml:14:9-41
19        android:supportsRtl="true"
19-->src/main/AndroidManifest.xml:15:9-35
20        android:testOnly="true"
21        android:theme="@style/AppTheme" >
21-->src/main/AndroidManifest.xml:16:9-40
22        <activity android:name="com.hariofspades.chatbot.MainActivity" >
22-->src/main/AndroidManifest.xml:17:9-23:20
22-->src/main/AndroidManifest.xml:17:19-47
23            <intent-filter>
23-->src/main/AndroidManifest.xml:18:13-22:29
24                <action android:name="android.intent.action.MAIN" />
24-->src/main/AndroidManifest.xml:19:17-69
24-->src/main/AndroidManifest.xml:19:25-66
25
26                <category android:name="android.intent.category.LAUNCHER" />
26-->src/main/AndroidManifest.xml:21:17-77
26-->src/main/AndroidManifest.xml:21:27-74
27            </intent-filter>
28        </activity>
29    </application>
30
31</manifest>